<?xml version="1.0" encoding="UTF-8"?>
<!-- Generated by org.testng.reporters.JUnitXMLReporter -->
<testsuite ignored="1" hostname="NAIM" failures="1" tests="1" name="Surefire test" time="31.861" errors="0" timestamp="2023-07-10T18:35:27 EDT">
  <testcase classname="webDriverPractice.test.R0011BrokenLinkVerification" name="testBrokenListUsingHttpsURLConnection" time="27.853">
    <failure type="java.lang.AssertionError" message="The following asserts failed:
	expected [true] but found [false]">
      <![CDATA[java.lang.AssertionError: The following asserts failed:
expected [true] but found [false]
at webDriverPractice.test.R0011BrokenLinkVerification.testBrokenListUsingHttpsURLConnection(R0011BrokenLinkVerification.java:118)
at java.base/java.util.ArrayList.forEach(ArrayList.java:1511)
... Removed 34 stack frames]]>
    </failure>
  </testcase> <!-- testBrokenListUsingHttpsURLConnection -->
  <testcase classname="webDriverPractice.test.R0011BrokenLinkVerification" name="testBrokenLink" time="0.0">
    <ignored/>
  </testcase> <!-- testBrokenLink -->
</testsuite> <!-- Surefire test -->
