<?xml version="1.0" encoding="UTF-8"?>
<!-- Generated by org.testng.reporters.JUnitXMLReporter -->
<testsuite ignored="0" hostname="winware" failures="0" tests="2" name="Default test" time="20.821" errors="0" timestamp="2023-03-08T03:05:00 EST">
  <testcase classname="webDriverPractice.test.R0004DropDown" name="testDropdownUsingSelectClass" time="0.281"/>
  <testcase classname="webDriverPractice.test.R0004DropDown" name="testDynamicDropDownList" time="4.113"/>
</testsuite> <!-- Default test -->
