<?xml version="1.0" encoding="UTF-8"?>
<!-- Generated by org.testng.reporters.JUnitXMLReporter -->
<testsuite ignored="3" hostname="winware" failures="0" tests="1" name="Default test" time="12.424" errors="0" timestamp="2023-03-07T02:25:37 EST">
  <testcase classname="webDriverPractice.test.R0002RelativeXpath" name="testUsingTextFunctionWithXpath" time="2.325"/>
  <testcase classname="webDriverPractice.test.R0002RelativeXpath" name="testUsingContainsMethodWithxpath" time="0.0">
    <ignored/>
  </testcase> <!-- testUsingContainsMethodWithxpath -->
  <testcase classname="webDriverPractice.test.R0002RelativeXpath" name="parentToChildTestUsingForwardSlash" time="0.0">
    <ignored/>
  </testcase> <!-- parentToChildTestUsingForwardSlash -->
  <testcase classname="webDriverPractice.test.R0002RelativeXpath" name="parentToChildTestUsingChild" time="0.0">
    <ignored/>
  </testcase> <!-- parentToChildTestUsingChild -->
</testsuite> <!-- Default test -->
