<?xml version="1.0" encoding="UTF-8"?>
<!-- Generated by org.testng.reporters.JUnitXMLReporter -->
<testsuite ignored="0" hostname="NAIM" failures="0" tests="10" name="Test4" time="205.581" errors="0" timestamp="2023-08-21T03:44:29 EDT">
  <testcase classname="webDriverPractice.test.Locators" name="className_LocatorTest" time="3.532"/>
  <testcase classname="webDriverPractice.test.Locators" name="cssSelector_LocatorTest" time="2.484"/>
  <testcase classname="webDriverPractice.test.Locators" name="id_LocatorTest" time="0.493"/>
  <testcase classname="webDriverPractice.test.Locators" name="linkText_LocatorTest" time="4.432"/>
  <testcase classname="webDriverPractice.test.Locators" name="name_LocatorTest" time="0.22"/>
  <testcase classname="webDriverPractice.test.Locators" name="partialLinkText_LocatorTest" time="19.424"/>
  <testcase classname="webDriverPractice.test.Locators" name="relativeLocatorBelow" time="2.807"/>
  <testcase classname="webDriverPractice.test.Locators" name="relativeLocator_above" time="0.587"/>
  <testcase classname="webDriverPractice.test.Locators" name="tagName_LocatorTest" time="0.0">
    <skipped/>
  </testcase> <!-- tagName_LocatorTest -->
  <testcase classname="webDriverPractice.test.Locators" name="xpath_LocatorTest" time="0.0">
    <skipped/>
  </testcase> <!-- xpath_LocatorTest -->
</testsuite> <!-- Test4 -->
