<?xml version="1.0" encoding="UTF-8"?>
<!-- Generated by org.testng.reporters.JUnitXMLReporter -->
<testsuite ignored="1" hostname="NAAYEEMs-MacBook-Pro.local" failures="0" tests="1" name="Test" time="17.048" errors="0" timestamp="2023-07-05T00:41:03 EDT">
  <testcase classname="webDriverPractice.test.R0011_BrokenLinkVerification" name="testBrokenListUsingHttpsURLConnection" time="15.813"/>
  <testcase classname="webDriverPractice.test.R0011_BrokenLinkVerification" name="testBrokenLink" time="0.0">
    <ignored/>
  </testcase> <!-- testBrokenLink -->
</testsuite> <!-- Test -->
