<?xml version="1.0" encoding="UTF-8"?>
<!-- Generated by org.testng.reporters.JUnitXMLReporter -->
<testsuite ignored="0" hostname="NAIM" failures="0" tests="10" name="Test5" time="194.237" errors="0" timestamp="2023-08-21T03:45:22 EDT">
  <testcase classname="webDriverPractice.test.Locators" name="className_LocatorTest" time="5.762"/>
  <testcase classname="webDriverPractice.test.Locators" name="cssSelector_LocatorTest" time="0.352"/>
  <testcase classname="webDriverPractice.test.Locators" name="id_LocatorTest" time="0.112"/>
  <testcase classname="webDriverPractice.test.Locators" name="linkText_LocatorTest" time="3.352"/>
  <testcase classname="webDriverPractice.test.Locators" name="name_LocatorTest" time="0.534"/>
  <testcase classname="webDriverPractice.test.Locators" name="partialLinkText_LocatorTest" time="6.775"/>
  <testcase classname="webDriverPractice.test.Locators" name="relativeLocatorBelow" time="1.892"/>
  <testcase classname="webDriverPractice.test.Locators" name="relativeLocator_above" time="2.261"/>
  <testcase classname="webDriverPractice.test.Locators" name="tagName_LocatorTest" time="0.102"/>
  <testcase classname="webDriverPractice.test.Locators" name="xpath_LocatorTest" time="0.0">
    <skipped/>
  </testcase> <!-- xpath_LocatorTest -->
</testsuite> <!-- Test5 -->
