<?xml version="1.0" encoding="UTF-8"?>
<!-- Generated by org.testng.reporters.JUnitXMLReporter -->
<testsuite ignored="0" hostname="NAIM" failures="0" tests="10" name="Test6" time="179.918" errors="0" timestamp="2023-08-21T03:45:52 EDT">
  <testcase classname="webDriverPractice.test.Locators" name="className_LocatorTest" time="4.267"/>
  <testcase classname="webDriverPractice.test.Locators" name="cssSelector_LocatorTest" time="9.238"/>
  <testcase classname="webDriverPractice.test.Locators" name="id_LocatorTest" time="0.115"/>
  <testcase classname="webDriverPractice.test.Locators" name="linkText_LocatorTest" time="3.275"/>
  <testcase classname="webDriverPractice.test.Locators" name="name_LocatorTest" time="0.62"/>
  <testcase classname="webDriverPractice.test.Locators" name="partialLinkText_LocatorTest" time="5.895"/>
  <testcase classname="webDriverPractice.test.Locators" name="relativeLocatorBelow" time="1.56"/>
  <testcase classname="webDriverPractice.test.Locators" name="relativeLocator_above" time="0.258"/>
  <testcase classname="webDriverPractice.test.Locators" name="tagName_LocatorTest" time="0.027"/>
  <testcase classname="webDriverPractice.test.Locators" name="xpath_LocatorTest" time="0.307"/>
</testsuite> <!-- Test6 -->
