<?xml version="1.0" encoding="UTF-8"?>
<!-- Generated by org.testng.reporters.JUnitXMLReporter -->
<testsuite ignored="0" hostname="NAIM" failures="0" tests="10" name="Test3" time="108.716" errors="0" timestamp="2023-08-21T03:42:52 EDT">
  <testcase classname="webDriverPractice.test.Locators" name="className_LocatorTest" time="2.84"/>
  <testcase classname="webDriverPractice.test.Locators" name="cssSelector_LocatorTest" time="1.387"/>
  <testcase classname="webDriverPractice.test.Locators" name="id_LocatorTest" time="0.209"/>
  <testcase classname="webDriverPractice.test.Locators" name="linkText_LocatorTest" time="3.079"/>
  <testcase classname="webDriverPractice.test.Locators" name="name_LocatorTest" time="0.0">
    <skipped/>
  </testcase> <!-- name_LocatorTest -->
  <testcase classname="webDriverPractice.test.Locators" name="partialLinkText_LocatorTest" time="0.0">
    <skipped/>
  </testcase> <!-- partialLinkText_LocatorTest -->
  <testcase classname="webDriverPractice.test.Locators" name="relativeLocatorBelow" time="0.0">
    <skipped/>
  </testcase> <!-- relativeLocatorBelow -->
  <testcase classname="webDriverPractice.test.Locators" name="relativeLocator_above" time="0.0">
    <skipped/>
  </testcase> <!-- relativeLocator_above -->
  <testcase classname="webDriverPractice.test.Locators" name="tagName_LocatorTest" time="0.0">
    <skipped/>
  </testcase> <!-- tagName_LocatorTest -->
  <testcase classname="webDriverPractice.test.Locators" name="xpath_LocatorTest" time="0.0">
    <skipped/>
  </testcase> <!-- xpath_LocatorTest -->
</testsuite> <!-- Test3 -->
