<?xml version="1.0" encoding="UTF-8"?>
<!-- Generated by org.testng.reporters.JUnitXMLReporter -->
<testsuite ignored="1" hostname="NAIM" failures="0" tests="1" name="Test" time="24.245" errors="0" timestamp="2023-07-05T16:28:30 EDT">
  <testcase classname="webDriverPractice.test.R0011_BrokenLinkVerification" name="testBrokenListUsingHttpsURLConnection" time="22.859"/>
  <testcase classname="webDriverPractice.test.R0011_BrokenLinkVerification" name="testBrokenLink" time="0.0">
    <ignored/>
  </testcase> <!-- testBrokenLink -->
</testsuite> <!-- Test -->
