<?xml version="1.0" encoding="UTF-8"?>
<!-- Generated by org.testng.reporters.JUnitXMLReporter -->
<testsuite ignored="0" hostname="winware" failures="0" tests="10" name="Test" time="81.718" errors="0" timestamp="2023-03-29T02:40:09 EDT">
  <testcase classname="webDriverPractice.test.R0001_LocatorsTest" name="className_LocatorTest" time="2.0"/>
  <testcase classname="webDriverPractice.test.R0001_LocatorsTest" name="cssSelector_LocatorTest" time="0.74"/>
  <testcase classname="webDriverPractice.test.R0001_LocatorsTest" name="id_LocatorTest" time="0.128"/>
  <testcase classname="webDriverPractice.test.R0001_LocatorsTest" name="linkText_LocatorTest" time="2.19"/>
  <testcase classname="webDriverPractice.test.R0001_LocatorsTest" name="name_LocatorTest" time="0.194"/>
  <testcase classname="webDriverPractice.test.R0001_LocatorsTest" name="partialLinkText_LocatorTest" time="2.271"/>
  <testcase classname="webDriverPractice.test.R0001_LocatorsTest" name="relativeLocatorBelow" time="1.673"/>
  <testcase classname="webDriverPractice.test.R0001_LocatorsTest" name="relativeLocator_above" time="1.336"/>
  <testcase classname="webDriverPractice.test.R0001_LocatorsTest" name="tagName_LocatorTest" time="0.042"/>
  <testcase classname="webDriverPractice.test.R0001_LocatorsTest" name="xpath_LocatorTest" time="0.226"/>
</testsuite> <!-- Test -->
