<?xml version="1.0" encoding="UTF-8"?>
<!-- Generated by org.testng.reporters.JUnitXMLReporter -->
<testsuite ignored="1" hostname="NAIM" failures="0" tests="1" name="Test" time="45.458" errors="0" timestamp="2023-07-10T15:30:28 EDT">
  <testcase classname="webDriverPractice.test.R0011BrokenLinkVerification" name="testBrokenListUsingHttpsURLConnection" time="41.543"/>
  <testcase classname="webDriverPractice.test.R0011BrokenLinkVerification" name="testBrokenLink" time="0.0">
    <ignored/>
  </testcase> <!-- testBrokenLink -->
</testsuite> <!-- Test -->
