<?xml version="1.0" encoding="UTF-8"?>
<testng-results ignored="0" total="10" passed="10" failed="0" skipped="0">
  <reporter-output>
  </reporter-output>
  <suite started-at="2023-07-05T18:22:49 EDT" name="Surefire suite" finished-at="2023-07-05T18:24:10 EDT" duration-ms="81308">
    <groups>
    </groups>
    <test started-at="2023-07-05T18:22:49 EDT" name="Surefire test" finished-at="2023-07-05T18:24:10 EDT" duration-ms="81308">
      <class name="webDriverPractice.test.R0001LocatorsTest">
        <test-method is-config="true" signature="setupInitialComponents()[pri:0, instance:webDriverPractice.test.R0001LocatorsTest@670002]" started-at="2023-07-05T18:22:49 EDT" name="setupInitialComponents" finished-at="2023-07-05T18:22:55 EDT" duration-ms="6328" status="PASS">
          <reporter-output>
          </reporter-output>
        </test-method> <!-- setupInitialComponents -->
        <test-method signature="className_LocatorTest()[pri:0, instance:webDriverPractice.test.R0001LocatorsTest@670002]" started-at="2023-07-05T18:22:55 EDT" name="className_LocatorTest" description="TC006 click on search button using className locator" finished-at="2023-07-05T18:22:58 EDT" duration-ms="2437" status="PASS">
          <reporter-output>
          </reporter-output>
        </test-method> <!-- className_LocatorTest -->
        <test-method is-config="true" signature="quitBrowser()[pri:0, instance:webDriverPractice.test.R0001LocatorsTest@670002]" started-at="2023-07-05T18:22:58 EDT" name="quitBrowser" finished-at="2023-07-05T18:23:01 EDT" duration-ms="3344" status="PASS">
          <reporter-output>
          </reporter-output>
        </test-method> <!-- quitBrowser -->
        <test-method is-config="true" signature="setupInitialComponents()[pri:0, instance:webDriverPractice.test.R0001LocatorsTest@670002]" started-at="2023-07-05T18:23:01 EDT" name="setupInitialComponents" finished-at="2023-07-05T18:23:04 EDT" duration-ms="3429" status="PASS">
          <reporter-output>
          </reporter-output>
        </test-method> <!-- setupInitialComponents -->
        <test-method signature="cssSelector_LocatorTest()[pri:0, instance:webDriverPractice.test.R0001LocatorsTest@670002]" started-at="2023-07-05T18:23:04 EDT" name="cssSelector_LocatorTest" description="TC005 type &quot;mobile&quot; in search textbox by cssSelector" finished-at="2023-07-05T18:23:05 EDT" duration-ms="240" status="PASS">
          <reporter-output>
          </reporter-output>
        </test-method> <!-- cssSelector_LocatorTest -->
        <test-method is-config="true" signature="quitBrowser()[pri:0, instance:webDriverPractice.test.R0001LocatorsTest@670002]" started-at="2023-07-05T18:23:05 EDT" name="quitBrowser" finished-at="2023-07-05T18:23:08 EDT" duration-ms="3335" status="PASS">
          <reporter-output>
          </reporter-output>
        </test-method> <!-- quitBrowser -->
        <test-method is-config="true" signature="setupInitialComponents()[pri:0, instance:webDriverPractice.test.R0001LocatorsTest@670002]" started-at="2023-07-05T18:23:08 EDT" name="setupInitialComponents" finished-at="2023-07-05T18:23:11 EDT" duration-ms="3463" status="PASS">
          <reporter-output>
          </reporter-output>
        </test-method> <!-- setupInitialComponents -->
        <test-method signature="id_LocatorTest()[pri:0, instance:webDriverPractice.test.R0001LocatorsTest@670002]" started-at="2023-07-05T18:23:11 EDT" name="id_LocatorTest" description="TC001 locate ebay logo by ID" finished-at="2023-07-05T18:23:12 EDT" duration-ms="187" status="PASS">
          <reporter-output>
          </reporter-output>
        </test-method> <!-- id_LocatorTest -->
        <test-method is-config="true" signature="quitBrowser()[pri:0, instance:webDriverPractice.test.R0001LocatorsTest@670002]" started-at="2023-07-05T18:23:12 EDT" name="quitBrowser" finished-at="2023-07-05T18:23:15 EDT" duration-ms="3325" status="PASS">
          <reporter-output>
          </reporter-output>
        </test-method> <!-- quitBrowser -->
        <test-method is-config="true" signature="setupInitialComponents()[pri:0, instance:webDriverPractice.test.R0001LocatorsTest@670002]" started-at="2023-07-05T18:23:15 EDT" name="setupInitialComponents" finished-at="2023-07-05T18:23:18 EDT" duration-ms="3171" status="PASS">
          <reporter-output>
          </reporter-output>
        </test-method> <!-- setupInitialComponents -->
        <test-method signature="linkText_LocatorTest()[pri:0, instance:webDriverPractice.test.R0001LocatorsTest@670002]" started-at="2023-07-05T18:23:18 EDT" name="linkText_LocatorTest" description="TC007 click on Electronics link button using linkTest locator" finished-at="2023-07-05T18:23:20 EDT" duration-ms="2033" status="PASS">
          <reporter-output>
          </reporter-output>
        </test-method> <!-- linkText_LocatorTest -->
        <test-method is-config="true" signature="quitBrowser()[pri:0, instance:webDriverPractice.test.R0001LocatorsTest@670002]" started-at="2023-07-05T18:23:20 EDT" name="quitBrowser" finished-at="2023-07-05T18:23:23 EDT" duration-ms="3269" status="PASS">
          <reporter-output>
          </reporter-output>
        </test-method> <!-- quitBrowser -->
        <test-method is-config="true" signature="setupInitialComponents()[pri:0, instance:webDriverPractice.test.R0001LocatorsTest@670002]" started-at="2023-07-05T18:23:23 EDT" name="setupInitialComponents" finished-at="2023-07-05T18:23:27 EDT" duration-ms="3464" status="PASS">
          <reporter-output>
          </reporter-output>
        </test-method> <!-- setupInitialComponents -->
        <test-method signature="name_LocatorTest()[pri:0, instance:webDriverPractice.test.R0001LocatorsTest@670002]" started-at="2023-07-05T18:23:27 EDT" name="name_LocatorTest" description="TC002 expand catagory filter list by using name locator" finished-at="2023-07-05T18:23:27 EDT" duration-ms="280" status="PASS">
          <reporter-output>
          </reporter-output>
        </test-method> <!-- name_LocatorTest -->
        <test-method is-config="true" signature="quitBrowser()[pri:0, instance:webDriverPractice.test.R0001LocatorsTest@670002]" started-at="2023-07-05T18:23:27 EDT" name="quitBrowser" finished-at="2023-07-05T18:23:31 EDT" duration-ms="3876" status="PASS">
          <reporter-output>
          </reporter-output>
        </test-method> <!-- quitBrowser -->
        <test-method is-config="true" signature="setupInitialComponents()[pri:0, instance:webDriverPractice.test.R0001LocatorsTest@670002]" started-at="2023-07-05T18:23:31 EDT" name="setupInitialComponents" finished-at="2023-07-05T18:23:34 EDT" duration-ms="3462" status="PASS">
          <reporter-output>
          </reporter-output>
        </test-method> <!-- setupInitialComponents -->
        <test-method signature="partialLinkText_LocatorTest()[pri:0, instance:webDriverPractice.test.R0001LocatorsTest@670002]" started-at="2023-07-05T18:23:34 EDT" name="partialLinkText_LocatorTest" description="TC008 click on &quot;Home &amp; Garden&quot; link button using partialLink locator" finished-at="2023-07-05T18:23:37 EDT" duration-ms="2330" status="PASS">
          <reporter-output>
          </reporter-output>
        </test-method> <!-- partialLinkText_LocatorTest -->
        <test-method is-config="true" signature="quitBrowser()[pri:0, instance:webDriverPractice.test.R0001LocatorsTest@670002]" started-at="2023-07-05T18:23:37 EDT" name="quitBrowser" finished-at="2023-07-05T18:23:40 EDT" duration-ms="3201" status="PASS">
          <reporter-output>
          </reporter-output>
        </test-method> <!-- quitBrowser -->
        <test-method is-config="true" signature="setupInitialComponents()[pri:0, instance:webDriverPractice.test.R0001LocatorsTest@670002]" started-at="2023-07-05T18:23:40 EDT" name="setupInitialComponents" finished-at="2023-07-05T18:23:44 EDT" duration-ms="3693" status="PASS">
          <reporter-output>
          </reporter-output>
        </test-method> <!-- setupInitialComponents -->
        <test-method signature="relativeLocatorBelow()[pri:0, instance:webDriverPractice.test.R0001LocatorsTest@670002]" started-at="2023-07-05T18:23:44 EDT" name="relativeLocatorBelow" description="TC010 click on &quot;Advance&quot; link below cart using relative locator below()" finished-at="2023-07-05T18:23:45 EDT" duration-ms="1087" status="PASS">
          <reporter-output>
          </reporter-output>
        </test-method> <!-- relativeLocatorBelow -->
        <test-method is-config="true" signature="quitBrowser()[pri:0, instance:webDriverPractice.test.R0001LocatorsTest@670002]" started-at="2023-07-05T18:23:45 EDT" name="quitBrowser" finished-at="2023-07-05T18:23:48 EDT" duration-ms="3216" status="PASS">
          <reporter-output>
          </reporter-output>
        </test-method> <!-- quitBrowser -->
        <test-method is-config="true" signature="setupInitialComponents()[pri:0, instance:webDriverPractice.test.R0001LocatorsTest@670002]" started-at="2023-07-05T18:23:48 EDT" name="setupInitialComponents" finished-at="2023-07-05T18:23:52 EDT" duration-ms="3946" status="PASS">
          <reporter-output>
          </reporter-output>
        </test-method> <!-- setupInitialComponents -->
        <test-method signature="relativeLocator_above()[pri:0, instance:webDriverPractice.test.R0001LocatorsTest@670002]" started-at="2023-07-05T18:23:52 EDT" name="relativeLocator_above" description="TC009 click on &quot;sign in&quot; link button using relative locator above()" finished-at="2023-07-05T18:23:53 EDT" duration-ms="1567" status="PASS">
          <reporter-output>
          </reporter-output>
        </test-method> <!-- relativeLocator_above -->
        <test-method is-config="true" signature="quitBrowser()[pri:0, instance:webDriverPractice.test.R0001LocatorsTest@670002]" started-at="2023-07-05T18:23:53 EDT" name="quitBrowser" finished-at="2023-07-05T18:23:57 EDT" duration-ms="3236" status="PASS">
          <reporter-output>
          </reporter-output>
        </test-method> <!-- quitBrowser -->
        <test-method is-config="true" signature="setupInitialComponents()[pri:0, instance:webDriverPractice.test.R0001LocatorsTest@670002]" started-at="2023-07-05T18:23:57 EDT" name="setupInitialComponents" finished-at="2023-07-05T18:24:00 EDT" duration-ms="3593" status="PASS">
          <reporter-output>
          </reporter-output>
        </test-method> <!-- setupInitialComponents -->
        <test-method signature="tagName_LocatorTest()[pri:0, instance:webDriverPractice.test.R0001LocatorsTest@670002]" started-at="2023-07-05T18:24:00 EDT" name="tagName_LocatorTest" description="TC003 print number of input tag present in the DOM by tagName" finished-at="2023-07-05T18:24:00 EDT" duration-ms="31" status="PASS">
          <reporter-output>
          </reporter-output>
        </test-method> <!-- tagName_LocatorTest -->
        <test-method is-config="true" signature="quitBrowser()[pri:0, instance:webDriverPractice.test.R0001LocatorsTest@670002]" started-at="2023-07-05T18:24:00 EDT" name="quitBrowser" finished-at="2023-07-05T18:24:04 EDT" duration-ms="3302" status="PASS">
          <reporter-output>
          </reporter-output>
        </test-method> <!-- quitBrowser -->
        <test-method is-config="true" signature="setupInitialComponents()[pri:0, instance:webDriverPractice.test.R0001LocatorsTest@670002]" started-at="2023-07-05T18:24:04 EDT" name="setupInitialComponents" finished-at="2023-07-05T18:24:06 EDT" duration-ms="2842" status="PASS">
          <reporter-output>
          </reporter-output>
        </test-method> <!-- setupInitialComponents -->
        <test-method signature="xpath_LocatorTest()[pri:0, instance:webDriverPractice.test.R0001LocatorsTest@670002]" started-at="2023-07-05T18:24:06 EDT" name="xpath_LocatorTest" description="TC004 type &quot;laptops&quot; in search textbox by xpath" finished-at="2023-07-05T18:24:07 EDT" duration-ms="252" status="PASS">
          <reporter-output>
          </reporter-output>
        </test-method> <!-- xpath_LocatorTest -->
        <test-method is-config="true" signature="quitBrowser()[pri:0, instance:webDriverPractice.test.R0001LocatorsTest@670002]" started-at="2023-07-05T18:24:07 EDT" name="quitBrowser" finished-at="2023-07-05T18:24:10 EDT" duration-ms="3287" status="PASS">
          <reporter-output>
          </reporter-output>
        </test-method> <!-- quitBrowser -->
      </class> <!-- webDriverPractice.test.R0001LocatorsTest -->
    </test> <!-- Surefire test -->
  </suite> <!-- Surefire suite -->
</testng-results>
