<?xml version="1.0" encoding="UTF-8"?>
<testsuite xmlns:xsi="http://www.w3.org/2001/XMLSchema-instance" xsi:noNamespaceSchemaLocation="https://maven.apache.org/surefire/maven-surefire-plugin/xsd/surefire-test-report-3.0.xsd" version="3.0" name="webDriverPractice.test.R0011BrokenLinkVerification" time="54.721" tests="2" errors="0" skipped="1" failures="1">
  <properties>
[...]
</properties>
  <testcase name="testBrokenListUsingHttpsURLConnection" classname="webDriverPractice.test.R0011BrokenLinkVerification" time="0">
    <skipped message="expected [true] but found [false]"/>
    <system-out><![CDATA[total link 33
1 = " Registration"  Status code 302
2 = " Bidding & buying help"  Status code 302
3 = " Stores"  Status code 302
4 = " eBay for Charity"  Status code 302
5 = " Charity Shop"  Status code 302
6 = " Seasonal Sales and events"  Status code 302
7 = " Start selling"  Status code 302
8 = " How to sell"  Status code 302
9 = " Business sellers"  Status code 302
10 = " Affiliates"  Status code 200
11 = " Developers"  Status code 302
12 = " Security center"  Status code 200
13 = " Site map"  Status code 200
14 = " TCGplayer"  Status code 200
15 = " Company info"  Status code 200
16 = " News"  Status code 200
17 = " Investors"  Status code 200
18 = " Careers"  Status code 200
19 = " Diversity & Inclusion"  Status code 200
20 = " Global Impact"  Status code 200
21 = " Government relations"  Status code 200
22 = " Advertise with us"  Status code 200
23 = " Policies"  Status code 302
24 = " Verified Rights Owner (VeRO) Program"  Status code 302
25 = " eCI Licenses"  Status code 200
26 = " Seller Center"  Status code 302
27 = " Contact Us"  Status code 302
28 = " eBay Returns"  Status code 200
29 = " eBay Money Back Guarantee"  Status code 200
30 = " Announcements"  Status code 200
31 = " eBay Community"  Status code 200
32 = " eBay for Business Podcast"  Status code 200
33 = " United States"  Status code 302
]]></system-out>
    <system-err><![CDATA[SLF4J: Failed to load class "org.slf4j.impl.StaticLoggerBinder".
SLF4J: Defaulting to no-operation (NOP) logger implementation
SLF4J: See http://www.slf4j.org/codes.html#StaticLoggerBinder for further details.
ERROR StatusLogger Log4j2 could not find a logging implementation. Please add log4j-core to the classpath. Using SimpleLogger to log to the console...
1688836441258	geckodriver	INFO	Listening on 127.0.0.1:1302
1688836441653	mozrunner::runner	INFO	Running command: "C:\\Program Files\\Mozilla Firefox\\firefox.exe" "--marionette" "--remote-debugging-port" "16852" "--remote ... localhost:16852/,http://[::1]:16852/" "-no-remote" "-profile" "C:\\Users\\naimn\\AppData\\Local\\Temp\\rust_mozprofilevFEeXq"
console.warn: services.settings: Ignoring preference override of remote settings server
console.warn: services.settings: Allow by setting MOZ_REMOTE_SETTINGS_DEVTOOLS=1 in the environment
1688836442148	Marionette	INFO	Marionette enabled
Dynamically enable window occlusion 0
1688836442246	Marionette	INFO	Listening on port 51016
WebDriver BiDi listening on ws://127.0.0.1:16852
Read port: 51016
1688836442564	RemoteAgent	WARN	TLS certificate errors will be ignored for this session
DevTools listening on ws://127.0.0.1:16852/devtools/browser/739a38c9-1d83-4a73-8b3c-6639c6a072cb
JavaScript warning: https://pagead2.googlesyndication.com/bg/zBQz3-TNDKCcnEtYIoHgFkOKi9KToA93A8ow_70HNHU.js line 2 > eval line 3608 > eval line 1 > eval line 1 > eval, line 1: WEBGL_debug_renderer_info is deprecated in Firefox and will be removed. Please use RENDERER.
JavaScript warning: https://pagead2.googlesyndication.com/bg/zBQz3-TNDKCcnEtYIoHgFkOKi9KToA93A8ow_70HNHU.js line 2 > eval line 2914 > eval line 1 > eval line 1 > eval, line 1: WEBGL_debug_renderer_info is deprecated in Firefox and will be removed. Please use RENDERER.
]]></system-err>
  </testcase>
  <testcase name="testBrokenListUsingHttpsURLConnection" classname="webDriverPractice.test.R0011BrokenLinkVerification" time="17.429">
    <failure message="expected [true] but found [false]" type="java.lang.AssertionError"><![CDATA[java.lang.AssertionError: expected [true] but found [false]
	at org.testng.Assert.fail(Assert.java:110)
	at org.testng.Assert.failNotEquals(Assert.java:1413)
	at org.testng.Assert.assertTrue(Assert.java:56)
	at org.testng.Assert.assertTrue(Assert.java:66)
	at webDriverPractice.test.R0011BrokenLinkVerification.testBrokenListUsingHttpsURLConnection(R0011BrokenLinkVerification.java:117)
	at java.base/jdk.internal.reflect.NativeMethodAccessorImpl.invoke0(Native Method)
	at java.base/jdk.internal.reflect.NativeMethodAccessorImpl.invoke(NativeMethodAccessorImpl.java:77)
	at java.base/jdk.internal.reflect.DelegatingMethodAccessorImpl.invoke(DelegatingMethodAccessorImpl.java:43)
	at java.base/java.lang.reflect.Method.invoke(Method.java:568)
	at org.testng.internal.invokers.MethodInvocationHelper.invokeMethod(MethodInvocationHelper.java:139)
	at org.testng.internal.invokers.TestInvoker.invokeMethod(TestInvoker.java:677)
	at org.testng.internal.invokers.TestInvoker.retryFailed(TestInvoker.java:263)
	at org.testng.internal.invokers.MethodRunner.runInSequence(MethodRunner.java:62)
	at org.testng.internal.invokers.TestInvoker$MethodInvocationAgent.invoke(TestInvoker.java:962)
	at org.testng.internal.invokers.TestInvoker.invokeTestMethods(TestInvoker.java:194)
	at org.testng.internal.invokers.TestMethodWorker.invokeTestMethods(TestMethodWorker.java:148)
	at org.testng.internal.invokers.TestMethodWorker.run(TestMethodWorker.java:128)
	at java.base/java.util.ArrayList.forEach(ArrayList.java:1511)
	at org.testng.TestRunner.privateRun(TestRunner.java:806)
	at org.testng.TestRunner.run(TestRunner.java:601)
	at org.testng.SuiteRunner.runTest(SuiteRunner.java:433)
	at org.testng.SuiteRunner.runSequentially(SuiteRunner.java:427)
	at org.testng.SuiteRunner.privateRun(SuiteRunner.java:387)
	at org.testng.SuiteRunner.run(SuiteRunner.java:330)
	at org.testng.SuiteRunnerWorker.runSuite(SuiteRunnerWorker.java:52)
	at org.testng.SuiteRunnerWorker.run(SuiteRunnerWorker.java:95)
	at org.testng.TestNG.runSuitesSequentially(TestNG.java:1256)
	at org.testng.TestNG.runSuitesLocally(TestNG.java:1176)
	at org.testng.TestNG.runSuites(TestNG.java:1099)
	at org.testng.TestNG.run(TestNG.java:1067)
	at org.apache.maven.surefire.testng.TestNGExecutor.run(TestNGExecutor.java:155)
	at org.apache.maven.surefire.testng.TestNGDirectoryTestSuite.executeSingleClass(TestNGDirectoryTestSuite.java:102)
	at org.apache.maven.surefire.testng.TestNGDirectoryTestSuite.execute(TestNGDirectoryTestSuite.java:91)
	at org.apache.maven.surefire.testng.TestNGProvider.invoke(TestNGProvider.java:137)
	at org.apache.maven.surefire.booter.ForkedBooter.runSuitesInProcess(ForkedBooter.java:385)
	at org.apache.maven.surefire.booter.ForkedBooter.execute(ForkedBooter.java:162)
	at org.apache.maven.surefire.booter.ForkedBooter.run(ForkedBooter.java:507)
	at org.apache.maven.surefire.booter.ForkedBooter.main(ForkedBooter.java:495)
]]></failure>
    <system-out><![CDATA[total link 33
1 = " Registration"  Status code 302
2 = " Bidding & buying help"  Status code 302
3 = " Stores"  Status code 302
4 = " eBay for Charity"  Status code 302
5 = " Charity Shop"  Status code 302
6 = " Seasonal Sales and events"  Status code 302
7 = " Start selling"  Status code 302
8 = " How to sell"  Status code 302
9 = " Business sellers"  Status code 302
10 = " Affiliates"  Status code 200
11 = " Developers"  Status code 302
12 = " Security center"  Status code 200
13 = " Site map"  Status code 200
14 = " TCGplayer"  Status code 200
15 = " Company info"  Status code 200
16 = " News"  Status code 200
17 = " Investors"  Status code 200
18 = " Careers"  Status code 200
19 = " Diversity & Inclusion"  Status code 200
20 = " Global Impact"  Status code 200
21 = " Government relations"  Status code 200
22 = " Advertise with us"  Status code 200
23 = " Policies"  Status code 302
24 = " Verified Rights Owner (VeRO) Program"  Status code 302
25 = " eCI Licenses"  Status code 200
26 = " Seller Center"  Status code 302
27 = " Contact Us"  Status code 302
28 = " eBay Returns"  Status code 200
29 = " eBay Money Back Guarantee"  Status code 200
30 = " Announcements"  Status code 200
31 = " eBay Community"  Status code 200
32 = " eBay for Business Podcast"  Status code 200
33 = " United States"  Status code 302
]]></system-out>
    <system-err><![CDATA[1688836471028	Marionette	INFO	Stopped listening on port 51016
Dynamically enable window occlusion 1
1688836472708	geckodriver	INFO	Listening on 127.0.0.1:22801
1688836472760	mozrunner::runner	INFO	Running command: "C:\\Program Files\\Mozilla Firefox\\firefox.exe" "--marionette" "--remote-debugging-port" "48939" "--remote ... localhost:48939/,http://[::1]:48939/" "-no-remote" "-profile" "C:\\Users\\naimn\\AppData\\Local\\Temp\\rust_mozprofileY30w3E"
console.warn: services.settings: Ignoring preference override of remote settings server
console.warn: services.settings: Allow by setting MOZ_REMOTE_SETTINGS_DEVTOOLS=1 in the environment
1688836473222	Marionette	INFO	Marionette enabled
Dynamically enable window occlusion 0
1688836473311	Marionette	INFO	Listening on port 51175
Read port: 51175
WebDriver BiDi listening on ws://127.0.0.1:48939
1688836473396	RemoteAgent	WARN	TLS certificate errors will be ignored for this session
DevTools listening on ws://127.0.0.1:48939/devtools/browser/db94679a-e16b-4ba5-8156-6c16ec8bfbc2
JavaScript warning: https://pagead2.googlesyndication.com/bg/zBQz3-TNDKCcnEtYIoHgFkOKi9KToA93A8ow_70HNHU.js line 2 > eval line 5839 > eval line 1 > eval line 1 > eval, line 1: WEBGL_debug_renderer_info is deprecated in Firefox and will be removed. Please use RENDERER.
JavaScript warning: https://pagead2.googlesyndication.com/bg/zBQz3-TNDKCcnEtYIoHgFkOKi9KToA93A8ow_70HNHU.js line 2 > eval line 7695 > eval line 1 > eval line 1 > eval, line 1: WEBGL_debug_renderer_info is deprecated in Firefox and will be removed. Please use RENDERER.
JavaScript warning: https://pagead2.googlesyndication.com/bg/zBQz3-TNDKCcnEtYIoHgFkOKi9KToA93A8ow_70HNHU.js line 2 > eval line 4308 > eval line 1 > eval line 1 > eval, line 1: WEBGL_debug_renderer_info is deprecated in Firefox and will be removed. Please use RENDERER.
]]></system-err>
  </testcase>
</testsuite>