<?xml version="1.0" encoding="UTF-8"?>
<!-- Generated by org.testng.reporters.JUnitXMLReporter -->
<testsuite ignored="0" hostname="NAIM" failures="0" tests="3" name="Test2" time="83.592" errors="0" timestamp="2023-07-10T18:15:34 EDT">
  <testcase classname="webDriverPractice.test.R0008TakeScreenShots" name="testTakeScreenShot" time="7.464"/>
  <testcase classname="webDriverPractice.test.R0008TakeScreenShots" name="selenium4testTakeScreenShot" time="5.754">
    <skipped/>
  </testcase> <!-- selenium4testTakeScreenShot -->
  <testcase classname="webDriverPractice.test.R0008TakeScreenShots" name="selenium4testTakeScreenShot" time="4.529"/>
</testsuite> <!-- Test2 -->
