<?xml version="1.0" encoding="UTF-8"?>
<testng-results ignored="0" total="1" passed="1" failed="0" skipped="0">
  <reporter-output>
  </reporter-output>
  <suite started-at="2023-07-02T02:34:19 EDT" name="Suite" finished-at="2023-07-02T02:34:19 EDT" duration-ms="50">
    <groups>
    </groups>
    <test started-at="2023-07-02T02:34:19 EDT" name="Test" finished-at="2023-07-02T02:34:19 EDT" duration-ms="50">
      <class name="webDriverPractice.test.parameterizationWithXML">
        <test-method signature="getURL(java.lang.String,java.lang.String)[pri:0, instance:webDriverPractice.test.parameterizationWithXML@7714e963]" started-at="2023-07-02T02:34:19 EDT" name="getURL" finished-at="2023-07-02T02:34:19 EDT" duration-ms="8" status="PASS">
          <params>
            <param index="0">
              <value>
                <![CDATA[www.ebay.com]]>
              </value>
            </param>
            <param index="1">
              <value>
                <![CDATA[naim]]>
              </value>
            </param>
          </params>
          <reporter-output>
          </reporter-output>
        </test-method> <!-- getURL -->
      </class> <!-- webDriverPractice.test.parameterizationWithXML -->
    </test> <!-- Test -->
  </suite> <!-- Suite -->
</testng-results>
