<?xml version="1.0" encoding="UTF-8"?>
<testng-results ignored="0" total="1" passed="1" failed="0" skipped="0">
  <reporter-output>
  </reporter-output>
  <suite started-at="2023-09-21T00:09:36 EDT" name="Default suite" finished-at="2023-09-21T00:09:38 EDT" duration-ms="1640">
    <groups>
    </groups>
    <test started-at="2023-09-21T00:09:36 EDT" name="Default test" finished-at="2023-09-21T00:09:38 EDT" duration-ms="1640">
      <class name="webDriverPractice.test.R0017ReadExcelData">
        <test-method is-config="true" signature="setup()[pri:0, instance:webDriverPractice.test.R0017ReadExcelData@776aec5c]" started-at="2023-09-21T00:09:36 EDT" name="setup" finished-at="2023-09-21T00:09:38 EDT" duration-ms="1539" status="PASS">
          <reporter-output>
          </reporter-output>
        </test-method> <!-- setup -->
        <test-method signature="readData()[pri:0, instance:webDriverPractice.test.R0017ReadExcelData@776aec5c]" started-at="2023-09-21T00:09:38 EDT" name="readData" finished-at="2023-09-21T00:09:38 EDT" duration-ms="39" status="PASS">
          <reporter-output>
          </reporter-output>
        </test-method> <!-- readData -->
      </class> <!-- webDriverPractice.test.R0017ReadExcelData -->
    </test> <!-- Default test -->
  </suite> <!-- Default suite -->
</testng-results>
