<?xml version="1.0" encoding="UTF-8"?>
<!-- Generated by org.testng.reporters.JUnitXMLReporter -->
<testsuite ignored="1" hostname="NAIM" failures="1" tests="2" name="Test" time="48.52" errors="0" timestamp="2023-07-06T05:09:56 EDT">
  <testcase classname="webDriverPractice.test.R0011BrokenLinkVerification" name="testBrokenListUsingHttpsURLConnection" time="27.808">
    <skipped/>
  </testcase> <!-- testBrokenListUsingHttpsURLConnection -->
  <testcase classname="webDriverPractice.test.R0011BrokenLinkVerification" name="testBrokenListUsingHttpsURLConnection" time="48.18">
    <failure type="java.nio.file.InvalidPathException" message="Illegal char &amp;lt;:&amp;gt; at index 134: C:\Users\naimn\DEV\IDE\eclipse\seleniumWebDriverPractice\src\test\java\screenShots\testBrokenListUsingHttpsURLConnection-2023-07-06T05:09:54.696806300.png">
      <![CDATA[java.nio.file.InvalidPathException: Illegal char <:> at index 134: C:\Users\naimn\DEV\IDE\eclipse\seleniumWebDriverPractice\src\test\java\screenShots\testBrokenListUsingHttpsURLConnection-2023-07-06T05:09:54.696806300.png
at java.base/sun.nio.fs.WindowsPathParser.normalize(WindowsPathParser.java:182)
at java.base/sun.nio.fs.WindowsPathParser.parse(WindowsPathParser.java:153)
at java.base/sun.nio.fs.WindowsPathParser.parse(WindowsPathParser.java:77)
at java.base/sun.nio.fs.WindowsPath.parse(WindowsPath.java:92)
at java.base/sun.nio.fs.WindowsFileSystem.getPath(WindowsFileSystem.java:232)
at java.base/java.io.File.toPath(File.java:2387)
at org.apache.commons.io.FileUtils.doCopyFile(FileUtils.java:1304)
at org.apache.commons.io.FileUtils.copyFile(FileUtils.java:797)
at org.apache.commons.io.FileUtils.copyFile(FileUtils.java:747)
at webDriverPractice.listeners.Listeners.onTestFailure(Listeners.java:71)
at java.base/java.util.ArrayList.forEach(ArrayList.java:1511)
... Removed 24 stack frames]]>
    </failure>
  </testcase> <!-- testBrokenListUsingHttpsURLConnection -->
  <testcase classname="webDriverPractice.test.R0011BrokenLinkVerification" name="testBrokenLink" time="0.0">
    <ignored/>
  </testcase> <!-- testBrokenLink -->
</testsuite> <!-- Test -->
